<?xml version="1.0" encoding="UTF-8"?>
<!-- Generated by org.testng.reporters.JUnitReportReporter -->
<testsuite hostname="LAPTOP-O1B49HHE" failures="0" tests="6" name="com.crmapp.qa.testsuite.ContactsPageTest" time="84.711" errors="0" timestamp="5 Feb 2018 22:53:33 GMT">
  <testcase classname="com.crmapp.qa.testsuite.ContactsPageTest" name="verifyContactsLabelTest" time="15.232"/>
  <testcase classname="com.crmapp.qa.testsuite.ContactsPageTest" name="validateCreateNewContactTest" time="16.315"/>
  <testcase classname="com.crmapp.qa.testsuite.ContactsPageTest" name="validateCreateNewContactTest" time="15.516"/>
  <testcase classname="com.crmapp.qa.testsuite.ContactsPageTest" name="selectSingleContactsByNameTest" time="11.754"/>
  <testcase classname="com.crmapp.qa.testsuite.ContactsPageTest" name="validateCreateNewContactTest" time="14.192"/>
  <testcase classname="com.crmapp.qa.testsuite.ContactsPageTest" name="selectMultipleContactsByNameTest" time="11.702"/>
</testsuite> <!-- com.crmapp.qa.testsuite.ContactsPageTest -->
