<?xml version="1.0" encoding="UTF-8"?>
<!-- Generated by org.testng.reporters.JUnitReportReporter -->
<testsuite hostname="LAPTOP-O1B49HHE" failures="0" tests="3" name="com.crmapp.qa.testsuite.LoginPageTest" time="28.800" errors="0" timestamp="5 Feb 2018 22:53:33 GMT">
  <testcase classname="com.crmapp.qa.testsuite.LoginPageTest" name="loginTest" time="13.324"/>
  <testcase classname="com.crmapp.qa.testsuite.LoginPageTest" name="loginPageTitleValidationtest" time="7.254"/>
  <testcase classname="com.crmapp.qa.testsuite.LoginPageTest" name="crmLogoImageValidation" time="8.222"/>
</testsuite> <!-- com.crmapp.qa.testsuite.LoginPageTest -->
