<?xml version="1.0" encoding="UTF-8"?>
<!-- Generated by org.testng.reporters.JUnitReportReporter -->
<testsuite hostname="LAPTOP-O1B49HHE" failures="0" tests="3" name="com.crmapp.qa.testsuite.HomePageTest" time="39.118" errors="0" timestamp="5 Feb 2018 22:53:33 GMT">
  <testcase classname="com.crmapp.qa.testsuite.HomePageTest" name="verifyContactLinkTest" time="14.279"/>
  <testcase classname="com.crmapp.qa.testsuite.HomePageTest" name="verifyUserNameTest" time="12.259"/>
  <testcase classname="com.crmapp.qa.testsuite.HomePageTest" name="VerifyHomePageTitleTest" time="12.580"/>
</testsuite> <!-- com.crmapp.qa.testsuite.HomePageTest -->
